[11:01:12] [main/INFO]: Environment: authHost='https://authserver.mojang.com', accountsHost='https://api.mojang.com', sessionHost='https://sessionserver.mojang.com', name='PROD'
[11:01:13] [main/INFO]: Found new data pack file/bukkit, loading it automatically
[11:01:14] [main/INFO]: Reloading ResourceManager: Default, bukkit
[11:01:15] [Worker-Main-6/INFO]: Loaded 7 recipes
[11:01:19] [Server thread/INFO]: Starting minecraft server version 1.16.3
[11:01:19] [Server thread/INFO]: Loading properties
[11:01:19] [Server thread/INFO]: Default game type: SURVIVAL
[11:01:19] [Server thread/INFO]: Generating keypair
[11:01:20] [Server thread/INFO]: Starting Minecraft server on *:25565
[11:01:20] [Server thread/INFO]: Using default channel type
[11:01:23] [Server thread/INFO]: This server is running CraftBukkit version git-Bukkit-890130b (MC: 1.16.3) (Implementing API version 1.16.3-R0.1-SNAPSHOT)
[11:01:24] [Server thread/WARN]: **** SERVER IS RUNNING IN OFFLINE/INSECURE MODE!
[11:01:24] [Server thread/WARN]: The server will make no attempt to authenticate usernames. Beware.
[11:01:24] [Server thread/WARN]: While this makes the game possible to play without internet access, it also opens up the ability for hackers to connect with any username they choose.
[11:01:24] [Server thread/WARN]: To change this, set "online-mode" to "true" in the server.properties file.
[11:01:24] [Server thread/INFO]: Preparing level "world"
[11:01:39] [Server thread/WARN]: Unable to find spawn biome
[11:01:41] [Server thread/WARN]: Unable to find spawn biome
[11:01:42] [Server thread/INFO]: Preparing start region for dimension minecraft:overworld
[11:01:42] [Worker-Main-9/INFO]: Preparing spawn area: 0%
[11:01:42] [Worker-Main-8/INFO]: Preparing spawn area: 0%
[11:01:43] [Worker-Main-8/INFO]: Preparing spawn area: 0%
[11:01:43] [Worker-Main-5/INFO]: Preparing spawn area: 0%
[11:01:44] [Worker-Main-5/INFO]: Preparing spawn area: 0%
[11:01:44] [Worker-Main-5/INFO]: Preparing spawn area: 0%
[11:01:47] [Worker-Main-8/INFO]: Preparing spawn area: 0%
[11:01:47] [Worker-Main-5/INFO]: Preparing spawn area: 0%
[11:01:47] [Worker-Main-8/INFO]: Preparing spawn area: 0%
[11:01:47] [Worker-Main-5/INFO]: Preparing spawn area: 0%
[11:01:47] [Worker-Main-9/INFO]: Preparing spawn area: 1%
[11:01:48] [Worker-Main-9/INFO]: Preparing spawn area: 4%
[11:01:48] [Worker-Main-8/INFO]: Preparing spawn area: 4%
[11:01:48] [Worker-Main-8/INFO]: Preparing spawn area: 5%
[11:01:49] [Worker-Main-8/INFO]: Preparing spawn area: 5%
[11:01:49] [Worker-Main-5/INFO]: Preparing spawn area: 5%
[11:01:50] [Worker-Main-8/INFO]: Preparing spawn area: 5%
[11:01:50] [Worker-Main-8/INFO]: Preparing spawn area: 9%
[11:01:51] [Worker-Main-8/INFO]: Preparing spawn area: 9%
[11:01:51] [Worker-Main-9/INFO]: Preparing spawn area: 9%
[11:01:52] [Worker-Main-9/INFO]: Preparing spawn area: 9%
[11:01:52] [Worker-Main-8/INFO]: Preparing spawn area: 9%
[11:01:53] [Worker-Main-8/INFO]: Preparing spawn area: 14%
[11:01:53] [Worker-Main-9/INFO]: Preparing spawn area: 14%
[11:01:54] [Worker-Main-5/INFO]: Preparing spawn area: 16%
[11:01:54] [Worker-Main-8/INFO]: Preparing spawn area: 17%
[11:01:55] [Worker-Main-8/INFO]: Preparing spawn area: 17%
[11:01:55] [Worker-Main-8/INFO]: Preparing spawn area: 17%
[11:01:56] [Worker-Main-5/INFO]: Preparing spawn area: 17%
[11:01:56] [Worker-Main-8/INFO]: Preparing spawn area: 17%
[11:01:57] [Worker-Main-8/INFO]: Preparing spawn area: 17%
[11:01:57] [Worker-Main-5/INFO]: Preparing spawn area: 23%
[11:01:58] [Worker-Main-8/INFO]: Preparing spawn area: 23%
[11:01:58] [Worker-Main-5/INFO]: Preparing spawn area: 23%
[11:01:59] [Worker-Main-8/INFO]: Preparing spawn area: 23%
[11:01:59] [Worker-Main-8/INFO]: Preparing spawn area: 23%
[11:02:00] [Worker-Main-5/INFO]: Preparing spawn area: 23%
[11:02:00] [Worker-Main-8/INFO]: Preparing spawn area: 23%
[11:02:01] [Worker-Main-5/INFO]: Preparing spawn area: 23%
[11:02:01] [Worker-Main-8/INFO]: Preparing spawn area: 23%
[11:02:02] [Worker-Main-5/INFO]: Preparing spawn area: 23%
[11:02:02] [Worker-Main-8/INFO]: Preparing spawn area: 23%
[11:02:03] [Worker-Main-8/INFO]: Preparing spawn area: 23%
[11:02:03] [Worker-Main-8/INFO]: Preparing spawn area: 23%
[11:02:04] [Worker-Main-5/INFO]: Preparing spawn area: 23%
[11:02:05] [Worker-Main-5/INFO]: Preparing spawn area: 35%
[11:02:05] [Worker-Main-8/INFO]: Preparing spawn area: 37%
[11:02:05] [Worker-Main-8/INFO]: Preparing spawn area: 39%
[11:02:06] [Worker-Main-9/INFO]: Preparing spawn area: 40%
[11:02:06] [Worker-Main-8/INFO]: Preparing spawn area: 41%
[11:02:08] [Worker-Main-8/INFO]: Preparing spawn area: 41%
[11:02:08] [Worker-Main-8/INFO]: Preparing spawn area: 41%
[11:02:08] [Worker-Main-8/INFO]: Preparing spawn area: 44%
[11:02:09] [Worker-Main-9/INFO]: Preparing spawn area: 45%
[11:02:09] [Worker-Main-9/INFO]: Preparing spawn area: 46%
[11:02:09] [Worker-Main-5/INFO]: Preparing spawn area: 49%
[11:02:12] [Worker-Main-5/INFO]: Preparing spawn area: 50%
[11:02:12] [Worker-Main-5/INFO]: Preparing spawn area: 50%
[11:02:12] [Worker-Main-5/INFO]: Preparing spawn area: 50%
[11:02:12] [Worker-Main-5/INFO]: Preparing spawn area: 50%
[11:02:14] [Worker-Main-8/INFO]: Preparing spawn area: 55%
[11:02:14] [Worker-Main-9/INFO]: Preparing spawn area: 55%
[11:02:14] [Worker-Main-9/INFO]: Preparing spawn area: 55%
[11:02:14] [Worker-Main-9/INFO]: Preparing spawn area: 55%
[11:02:14] [Worker-Main-5/INFO]: Preparing spawn area: 61%
[11:02:17] [Worker-Main-9/INFO]: Preparing spawn area: 62%
[11:02:17] [Worker-Main-9/INFO]: Preparing spawn area: 62%
[11:02:17] [Worker-Main-8/INFO]: Preparing spawn area: 62%
[11:02:17] [Worker-Main-9/INFO]: Preparing spawn area: 62%
[11:02:17] [Worker-Main-9/INFO]: Preparing spawn area: 62%
[11:02:17] [Worker-Main-8/INFO]: Preparing spawn area: 70%
[11:02:18] [Worker-Main-9/INFO]: Preparing spawn area: 70%
[11:02:18] [Worker-Main-9/INFO]: Preparing spawn area: 70%
[11:02:20] [Worker-Main-5/INFO]: Preparing spawn area: 74%
[11:02:20] [Worker-Main-5/INFO]: Preparing spawn area: 74%
[11:02:20] [Worker-Main-5/INFO]: Preparing spawn area: 74%
[11:02:20] [Worker-Main-5/INFO]: Preparing spawn area: 74%
[11:02:22] [Worker-Main-5/INFO]: Preparing spawn area: 81%
[11:02:22] [Worker-Main-9/INFO]: Preparing spawn area: 81%
[11:02:22] [Worker-Main-9/INFO]: Preparing spawn area: 81%
[11:02:22] [Worker-Main-9/INFO]: Preparing spawn area: 81%
[11:02:22] [Worker-Main-9/INFO]: Preparing spawn area: 81%
[11:02:26] [Worker-Main-5/INFO]: Preparing spawn area: 87%
[11:02:26] [Worker-Main-5/INFO]: Preparing spawn area: 87%
[11:02:26] [Worker-Main-5/INFO]: Preparing spawn area: 87%
[11:02:26] [Worker-Main-5/INFO]: Preparing spawn area: 87%
[11:02:26] [Worker-Main-5/INFO]: Preparing spawn area: 87%
[11:02:26] [Worker-Main-9/INFO]: Preparing spawn area: 87%
[11:02:26] [Worker-Main-5/INFO]: Preparing spawn area: 87%
[11:02:26] [Server thread/INFO]: Time elapsed: 44347 ms
[11:02:26] [Server thread/INFO]: Preparing start region for dimension minecraft:the_nether
[11:02:26] [Worker-Main-8/INFO]: Preparing spawn area: 0%
[11:02:27] [Worker-Main-9/INFO]: Preparing spawn area: 0%
[11:02:27] [Worker-Main-9/INFO]: Preparing spawn area: 1%
[11:02:28] [Worker-Main-9/INFO]: Preparing spawn area: 3%
[11:02:28] [Worker-Main-5/INFO]: Preparing spawn area: 4%
[11:02:29] [Worker-Main-5/INFO]: Preparing spawn area: 6%
[11:02:29] [Worker-Main-5/INFO]: Preparing spawn area: 9%
[11:02:30] [Worker-Main-8/INFO]: Preparing spawn area: 11%
[11:02:30] [Worker-Main-5/INFO]: Preparing spawn area: 15%
[11:02:31] [Worker-Main-5/INFO]: Preparing spawn area: 17%
[11:02:31] [Worker-Main-8/INFO]: Preparing spawn area: 17%
[11:02:32] [Worker-Main-9/INFO]: Preparing spawn area: 22%
[11:02:32] [Worker-Main-5/INFO]: Preparing spawn area: 22%
[11:02:33] [Worker-Main-5/INFO]: Preparing spawn area: 28%
[11:02:33] [Worker-Main-5/INFO]: Preparing spawn area: 33%
[11:02:34] [Worker-Main-9/INFO]: Preparing spawn area: 38%
[11:02:34] [Worker-Main-8/INFO]: Preparing spawn area: 40%
[11:02:35] [Worker-Main-8/INFO]: Preparing spawn area: 46%
[11:02:35] [Worker-Main-5/INFO]: Preparing spawn area: 46%
[11:02:36] [Worker-Main-9/INFO]: Preparing spawn area: 54%
[11:02:36] [Worker-Main-8/INFO]: Preparing spawn area: 59%
[11:02:37] [Worker-Main-8/INFO]: Preparing spawn area: 59%
[11:02:37] [Worker-Main-9/INFO]: Preparing spawn area: 68%
[11:02:38] [Worker-Main-9/INFO]: Preparing spawn area: 75%
[11:02:38] [Worker-Main-8/INFO]: Preparing spawn area: 75%
[11:02:39] [Worker-Main-8/INFO]: Preparing spawn area: 82%
[11:02:39] [Worker-Main-9/INFO]: Preparing spawn area: 87%
[11:02:40] [Worker-Main-9/INFO]: Preparing spawn area: 92%
[11:02:40] [Worker-Main-9/INFO]: Preparing spawn area: 95%
[11:02:41] [Server thread/INFO]: Time elapsed: 14267 ms
[11:02:41] [Server thread/INFO]: Preparing start region for dimension minecraft:the_end
[11:02:41] [Worker-Main-5/INFO]: Preparing spawn area: 0%
[11:02:41] [Worker-Main-5/INFO]: Preparing spawn area: 1%
[11:02:42] [Worker-Main-5/INFO]: Preparing spawn area: 22%
[11:02:42] [Worker-Main-9/INFO]: Preparing spawn area: 56%
[11:02:43] [Worker-Main-5/INFO]: Preparing spawn area: 97%
[11:02:43] [Server thread/INFO]: Time elapsed: 2027 ms
[11:02:43] [Server thread/INFO]: Done (78.992s)! For help, type "help"
